<?xml version="1.0" encoding="UTF-8"?>
<testsuite name="busqueda en mercadolibre reto sqa" tests="1" skipped="0" failures="0" errors="0" timestamp="2022-08-07T19:43:23" hostname="LAPTOP-PJN5BKBN" time="32.686">
  <properties/>
  <testcase name="busqueda de dos productos de belleza" classname="busqueda en mercadolibre reto sqa" time="32.686"/>
  <system-out><![CDATA[]]></system-out>
  <system-err><![CDATA[Starting ChromeDriver 103.0.5060.53 (a1711811edd74ff1cf2150f36ffa3b0dae40b17f-refs/branch-heads/5060@{#853}) on port 39956
Only local connections are allowed.
Please see https://chromedriver.chromium.org/security-considerations for suggestions on keeping ChromeDriver safe.
ChromeDriver was started successfully.
[1659901407.043][WARNING]: This version of ChromeDriver has not been tested with Chrome version 104.
ago 07, 2022 2:43:27 PM org.openqa.selenium.remote.ProtocolHandshake createSession
INFORMACIÓN: Detected dialect: W3C
[Test worker] INFO net.thucydides.core.steps.ConsoleLoggingListener - 
        __    _____ _____ ____ _____   ____   _    ____  ____  _____ ____  
  _     \ \  |_   _| ____/ ___|_   _| |  _ \ / \  / ___|/ ___|| ____|  _ \ 
 (_)_____| |   | | |  _| \___ \ | |   | |_) / _ \ \___ \\___ \|  _| | | | |
  _|_____| |   | | | |___ ___) || |   |  __/ ___ \ ___) |___) | |___| |_| |
 (_)     | |   |_| |_____|____/ |_|   |_| /_/   \_\____/|____/|_____|____/ 
        /_/                                                                

TEST PASSED: busqueda de dos productos de belleza
----------------------------------------------------------------------------
]]></system-err>
</testsuite>
